<?xml version="1.0" encoding="UTF-8" ?>
<testsuite tests="1" failures="0" name="com.magicoh.springmvc.insertMapperTest" time="0.131" errors="1" skipped="0">
  <properties>
[...]
</properties>
  <testcase classname="com.magicoh.springmvc.insertMapperTest" name="test" time="0.131">
    <error message="
### Error updating database.  Cause: java.sql.SQLIntegrityConstraintViolationException: ORA-00001: 무결성 제약 조건(UMS.PK_INVOICEHEADER)에 위배됩니다

### The error may exist in file [D:\sts4Works\springsecurity\target\classes\mapper\oracle\productMapper.xml]
### The error may involve com.magicoh.springmvc.dao.IProductMapperDao.insertInvoiceHeader-Inline
### The error occurred while setting parameters
### SQL: INSERT INTO INVOICEHEADER(    INVOICE_ID,    CLIENT_ID,    INVOICE_DATE,    SHIPPING_ADDRESS,    TOTAL_AMT,    DESCRIPTION,    CREATED_DATE)   VALUES(    ?,     ?,     ?,     ?,     ?,     ?,     SYSDATE)
### Cause: java.sql.SQLIntegrityConstraintViolationException: ORA-00001: 무결성 제약 조건(UMS.PK_INVOICEHEADER)에 위배됩니다

; SQL []; ORA-00001: 무결성 제약 조건(UMS.PK_INVOICEHEADER)에 위배됩니다
; nested exception is java.sql.SQLIntegrityConstraintViolationException: ORA-00001: 무결성 제약 조건(UMS.PK_INVOICEHEADER)에 위배됩니다
" type="org.springframework.dao.DuplicateKeyException">org.springframework.dao.DuplicateKeyException: 
### Error updating database.  Cause: java.sql.SQLIntegrityConstraintViolationException: ORA-00001: 무결성 제약 조건(UMS.PK_INVOICEHEADER)에 위배됩니다

### The error may exist in file [D:\sts4Works\springsecurity\target\classes\mapper\oracle\productMapper.xml]
### The error may involve com.magicoh.springmvc.dao.IProductMapperDao.insertInvoiceHeader-Inline
### The error occurred while setting parameters
### SQL: INSERT INTO INVOICEHEADER(    INVOICE_ID,    CLIENT_ID,    INVOICE_DATE,    SHIPPING_ADDRESS,    TOTAL_AMT,    DESCRIPTION,    CREATED_DATE)   VALUES(    ?,     ?,     ?,     ?,     ?,     ?,     SYSDATE)
### Cause: java.sql.SQLIntegrityConstraintViolationException: ORA-00001: 무결성 제약 조건(UMS.PK_INVOICEHEADER)에 위배됩니다

; SQL []; ORA-00001: 무결성 제약 조건(UMS.PK_INVOICEHEADER)에 위배됩니다
; nested exception is java.sql.SQLIntegrityConstraintViolationException: ORA-00001: 무결성 제약 조건(UMS.PK_INVOICEHEADER)에 위배됩니다

	at org.springframework.jdbc.support.SQLErrorCodeSQLExceptionTranslator.doTranslate(SQLErrorCodeSQLExceptionTranslator.java:238)
	at org.springframework.jdbc.support.AbstractFallbackSQLExceptionTranslator.translate(AbstractFallbackSQLExceptionTranslator.java:73)
	at org.mybatis.spring.MyBatisExceptionTranslator.translateExceptionIfPossible(MyBatisExceptionTranslator.java:88)
	at org.mybatis.spring.SqlSessionTemplate$SqlSessionInterceptor.invoke(SqlSessionTemplate.java:440)
	at com.sun.proxy.$Proxy39.insert(Unknown Source)
	at org.mybatis.spring.SqlSessionTemplate.insert(SqlSessionTemplate.java:271)
	at org.apache.ibatis.binding.MapperMethod.execute(MapperMethod.java:62)
	at org.apache.ibatis.binding.MapperProxy$PlainMethodInvoker.invoke(MapperProxy.java:144)
	at org.apache.ibatis.binding.MapperProxy.invoke(MapperProxy.java:85)
	at com.sun.proxy.$Proxy45.insertInvoiceHeader(Unknown Source)
	at com.magicoh.springmvc.insertMapperTest.test(insertMapperTest.java:58)
	at sun.reflect.NativeMethodAccessorImpl.invoke0(Native Method)
	at sun.reflect.NativeMethodAccessorImpl.invoke(NativeMethodAccessorImpl.java:62)
	at sun.reflect.DelegatingMethodAccessorImpl.invoke(DelegatingMethodAccessorImpl.java:43)
	at java.lang.reflect.Method.invoke(Method.java:498)
	at org.junit.runners.model.FrameworkMethod$1.runReflectiveCall(FrameworkMethod.java:59)
	at org.junit.internal.runners.model.ReflectiveCallable.run(ReflectiveCallable.java:12)
	at org.junit.runners.model.FrameworkMethod.invokeExplosively(FrameworkMethod.java:56)
	at org.junit.internal.runners.statements.InvokeMethod.evaluate(InvokeMethod.java:17)
	at org.junit.internal.runners.statements.RunBefores.evaluate(RunBefores.java:26)
	at org.springframework.test.context.junit4.statements.RunBeforeTestMethodCallbacks.evaluate(RunBeforeTestMethodCallbacks.java:75)
	at org.springframework.test.context.junit4.statements.RunAfterTestMethodCallbacks.evaluate(RunAfterTestMethodCallbacks.java:86)
	at org.springframework.test.context.junit4.statements.SpringRepeat.evaluate(SpringRepeat.java:84)
	at org.junit.runners.ParentRunner.runLeaf(ParentRunner.java:366)
	at org.springframework.test.context.junit4.SpringJUnit4ClassRunner.runChild(SpringJUnit4ClassRunner.java:252)
	at org.springframework.test.context.junit4.SpringJUnit4ClassRunner.runChild(SpringJUnit4ClassRunner.java:94)
	at org.junit.runners.ParentRunner$4.run(ParentRunner.java:331)
	at org.junit.runners.ParentRunner$1.schedule(ParentRunner.java:79)
	at org.junit.runners.ParentRunner.runChildren(ParentRunner.java:329)
	at org.junit.runners.ParentRunner.access$100(ParentRunner.java:66)
	at org.junit.runners.ParentRunner$2.evaluate(ParentRunner.java:293)
	at org.springframework.test.context.junit4.statements.RunBeforeTestClassCallbacks.evaluate(RunBeforeTestClassCallbacks.java:61)
	at org.springframework.test.context.junit4.statements.RunAfterTestClassCallbacks.evaluate(RunAfterTestClassCallbacks.java:70)
	at org.junit.runners.ParentRunner$3.evaluate(ParentRunner.java:306)
	at org.junit.runners.ParentRunner.run(ParentRunner.java:413)
	at org.springframework.test.context.junit4.SpringJUnit4ClassRunner.run(SpringJUnit4ClassRunner.java:191)
	at org.apache.maven.surefire.junit4.JUnit4Provider.execute(JUnit4Provider.java:252)
	at org.apache.maven.surefire.junit4.JUnit4Provider.executeTestSet(JUnit4Provider.java:141)
	at org.apache.maven.surefire.junit4.JUnit4Provider.invoke(JUnit4Provider.java:112)
	at sun.reflect.NativeMethodAccessorImpl.invoke0(Native Method)
	at sun.reflect.NativeMethodAccessorImpl.invoke(NativeMethodAccessorImpl.java:62)
	at sun.reflect.DelegatingMethodAccessorImpl.invoke(DelegatingMethodAccessorImpl.java:43)
	at java.lang.reflect.Method.invoke(Method.java:498)
	at org.apache.maven.surefire.util.ReflectionUtils.invokeMethodWithArray(ReflectionUtils.java:189)
	at org.apache.maven.surefire.booter.ProviderFactory$ProviderProxy.invoke(ProviderFactory.java:165)
	at org.apache.maven.surefire.booter.ProviderFactory.invokeProvider(ProviderFactory.java:85)
	at org.apache.maven.surefire.booter.ForkedBooter.runSuitesInProcess(ForkedBooter.java:115)
	at org.apache.maven.surefire.booter.ForkedBooter.main(ForkedBooter.java:75)
Caused by: java.sql.SQLIntegrityConstraintViolationException: ORA-00001: 무결성 제약 조건(UMS.PK_INVOICEHEADER)에 위배됩니다

	at oracle.jdbc.driver.T4CTTIoer11.processError(T4CTTIoer11.java:509)
	at oracle.jdbc.driver.T4CTTIoer11.processError(T4CTTIoer11.java:461)
	at oracle.jdbc.driver.T4C8Oall.processError(T4C8Oall.java:1104)
	at oracle.jdbc.driver.T4CTTIfun.receive(T4CTTIfun.java:550)
	at oracle.jdbc.driver.T4CTTIfun.doRPC(T4CTTIfun.java:268)
	at oracle.jdbc.driver.T4C8Oall.doOALL(T4C8Oall.java:655)
	at oracle.jdbc.driver.T4CPreparedStatement.doOall8(T4CPreparedStatement.java:270)
	at oracle.jdbc.driver.T4CPreparedStatement.doOall8(T4CPreparedStatement.java:91)
	at oracle.jdbc.driver.T4CPreparedStatement.executeForRows(T4CPreparedStatement.java:970)
	at oracle.jdbc.driver.OracleStatement.doExecuteWithTimeout(OracleStatement.java:1205)
	at oracle.jdbc.driver.OraclePreparedStatement.executeInternal(OraclePreparedStatement.java:3666)
	at oracle.jdbc.driver.T4CPreparedStatement.executeInternal(T4CPreparedStatement.java:1426)
	at oracle.jdbc.driver.OraclePreparedStatement.execute(OraclePreparedStatement.java:3778)
	at oracle.jdbc.driver.OraclePreparedStatementWrapper.execute(OraclePreparedStatementWrapper.java:1081)
	at net.sf.log4jdbc.PreparedStatementSpy.execute(PreparedStatementSpy.java:418)
	at org.apache.ibatis.executor.statement.PreparedStatementHandler.update(PreparedStatementHandler.java:47)
	at org.apache.ibatis.executor.statement.RoutingStatementHandler.update(RoutingStatementHandler.java:74)
	at org.apache.ibatis.executor.SimpleExecutor.doUpdate(SimpleExecutor.java:50)
	at org.apache.ibatis.executor.BaseExecutor.update(BaseExecutor.java:117)
	at org.apache.ibatis.session.defaults.DefaultSqlSession.update(DefaultSqlSession.java:197)
	at org.apache.ibatis.session.defaults.DefaultSqlSession.insert(DefaultSqlSession.java:184)
	at sun.reflect.NativeMethodAccessorImpl.invoke0(Native Method)
	at sun.reflect.NativeMethodAccessorImpl.invoke(NativeMethodAccessorImpl.java:62)
	at sun.reflect.DelegatingMethodAccessorImpl.invoke(DelegatingMethodAccessorImpl.java:43)
	at java.lang.reflect.Method.invoke(Method.java:498)
	at org.mybatis.spring.SqlSessionTemplate$SqlSessionInterceptor.invoke(SqlSessionTemplate.java:426)
	... 44 more
Caused by: Error : 1, Position : 0, Sql = INSERT INTO INVOICEHEADER(
			INVOICE_ID,
			CLIENT_ID,
			INVOICE_DATE,
			SHIPPING_ADDRESS,
			TOTAL_AMT,
			DESCRIPTION,
			CREATED_DATE)
		VALUES(
			:1 , 
			:2 , 
			:3 , 
			:4 , 
			:5 , 
			:6 , 
			SYSDATE), OriginalSql = INSERT INTO INVOICEHEADER(
			INVOICE_ID,
			CLIENT_ID,
			INVOICE_DATE,
			SHIPPING_ADDRESS,
			TOTAL_AMT,
			DESCRIPTION,
			CREATED_DATE)
		VALUES(
			?, 
			?, 
			?, 
			?, 
			?, 
			?, 
			SYSDATE), Error Msg = ORA-00001: 무결성 제약 조건(UMS.PK_INVOICEHEADER)에 위배됩니다

	at oracle.jdbc.driver.T4CTTIoer11.processError(T4CTTIoer11.java:513)
	... 69 more
</error>
    <system-out>INFO : org.springframework.test.context.web.WebTestContextBootstrapper - Loaded default TestExecutionListener class names from location [META-INF/spring.factories]: [org.springframework.test.context.web.ServletTestExecutionListener, org.springframework.test.context.support.DirtiesContextBeforeModesTestExecutionListener, org.springframework.test.context.support.DependencyInjectionTestExecutionListener, org.springframework.test.context.support.DirtiesContextTestExecutionListener, org.springframework.test.context.transaction.TransactionalTestExecutionListener, org.springframework.test.context.jdbc.SqlScriptsTestExecutionListener, org.springframework.security.test.context.support.WithSecurityContextTestExecutionListener]
INFO : org.springframework.test.context.web.WebTestContextBootstrapper - Using TestExecutionListeners: [org.springframework.test.context.web.ServletTestExecutionListener@44a6a68e, org.springframework.test.context.support.DirtiesContextBeforeModesTestExecutionListener@4743a322, org.springframework.test.context.support.DependencyInjectionTestExecutionListener@79316f3a, org.springframework.test.context.support.DirtiesContextTestExecutionListener@381d7219, org.springframework.test.context.transaction.TransactionalTestExecutionListener@49fe3142, org.springframework.test.context.jdbc.SqlScriptsTestExecutionListener@13fed1ec, org.springframework.security.test.context.support.WithSecurityContextTestExecutionListener@61c42416]
INFO : jdbc.connection - 2. Connection opened
INFO : jdbc.audit - 2. Connection.new Connection returned 
INFO : jdbc.audit - 2. Connection.getAutoCommit() returned true
INFO : jdbc.audit - 2. Connection.setAutoCommit(false) returned 
INFO : org.springframework.test.context.transaction.TransactionContext - Began transaction (1) for test context [DefaultTestContext@7569ea63 testClass = insertMapperTest, testInstance = com.magicoh.springmvc.insertMapperTest@ebd06a9, testMethod = test@insertMapperTest, testException = [null], mergedContextConfiguration = [WebMergedContextConfiguration@329a1f8d testClass = insertMapperTest, locations = &apos;{file:src/main/webapp/WEB-INF/spring/appServlet/servlet-context.xml, file:src/main/webapp/WEB-INF/spring/application-context.xml}&apos;, classes = &apos;{}&apos;, contextInitializerClasses = &apos;[]&apos;, activeProfiles = &apos;{}&apos;, propertySourceLocations = &apos;{}&apos;, propertySourceProperties = &apos;{}&apos;, contextCustomizers = set[[empty]], resourceBasePath = &apos;src/main/webapp&apos;, contextLoader = &apos;org.springframework.test.context.web.WebDelegatingSmartContextLoader&apos;, parent = [null]]]; transaction manager [org.springframework.jdbc.datasource.DataSourceTransactionManager@470a659f]; rollback [false]
INFO : com.magicoh.springmvc.insertMapperTest - invoice_date.toString : 2020-12-10
INFO : jdbc.audit - 2. Connection.getAutoCommit() returned false
INFO : jdbc.audit - 2. PreparedStatement.new PreparedStatement returned 
INFO : jdbc.audit - 2. Connection.prepareStatement(INSERT INTO INVOICEHEADER(
			INVOICE_ID,
			CLIENT_ID,
			INVOICE_DATE,
			SHIPPING_ADDRESS,
			TOTAL_AMT,
			DESCRIPTION,
			CREATED_DATE)
		VALUES(
			?, 
			?, 
			?, 
			?, 
			?, 
			?, 
			SYSDATE)) returned net.sf.log4jdbc.PreparedStatementSpy@4cdb8504
INFO : jdbc.audit - 2. PreparedStatement.setInt(1, 102) returned 
INFO : jdbc.audit - 2. PreparedStatement.setInt(2, 1) returned 
INFO : jdbc.audit - 2. PreparedStatement.setDate(3, 2020-12-10) returned 
INFO : jdbc.audit - 2. PreparedStatement.setString(4, &quot;shipping_address&quot;) returned 
INFO : jdbc.audit - 2. PreparedStatement.setDouble(5, 30000.0) returned 
INFO : jdbc.audit - 2. PreparedStatement.setString(6, &quot;description&quot;) returned 
INFO : jdbc.sqlonly - SQL : INSERT INTO INVOICEHEADER(
			INVOICE_ID,
			CLIENT_ID,
			INVOICE_DATE,
			SHIPPING_ADDRESS,
			TOTAL_AMT,
			DESCRIPTION,
			CREATED_DATE)
		VALUES(
			102, 
			1, 
			to_date(&apos;12/10/2020 00:00:00&apos;, &apos;mm/dd/yyyy hh24:mi:ss&apos;), 
			&apos;shipping_address&apos;, 
			30000.0, 
			&apos;description&apos;, 
			SYSDATE)
ERROR: jdbc.audit - 2. PreparedStatement.execute() INSERT INTO INVOICEHEADER(
			INVOICE_ID,
			CLIENT_ID,
			INVOICE_DATE,
			SHIPPING_ADDRESS,
			TOTAL_AMT,
			DESCRIPTION,
			CREATED_DATE)
		VALUES(
			102, 
			1, 
			to_date(&apos;12/10/2020 00:00:00&apos;, &apos;mm/dd/yyyy hh24:mi:ss&apos;), 
			&apos;shipping_address&apos;, 
			30000.0, 
			&apos;description&apos;, 
			SYSDATE)
java.sql.SQLIntegrityConstraintViolationException: ORA-00001: ���Ἲ ���� ����(UMS.PK_INVOICEHEADER)�� ����˴ϴ�

	at oracle.jdbc.driver.T4CTTIoer11.processError(T4CTTIoer11.java:509)
	at oracle.jdbc.driver.T4CTTIoer11.processError(T4CTTIoer11.java:461)
	at oracle.jdbc.driver.T4C8Oall.processError(T4C8Oall.java:1104)
	at oracle.jdbc.driver.T4CTTIfun.receive(T4CTTIfun.java:550)
	at oracle.jdbc.driver.T4CTTIfun.doRPC(T4CTTIfun.java:268)
	at oracle.jdbc.driver.T4C8Oall.doOALL(T4C8Oall.java:655)
	at oracle.jdbc.driver.T4CPreparedStatement.doOall8(T4CPreparedStatement.java:270)
	at oracle.jdbc.driver.T4CPreparedStatement.doOall8(T4CPreparedStatement.java:91)
	at oracle.jdbc.driver.T4CPreparedStatement.executeForRows(T4CPreparedStatement.java:970)
	at oracle.jdbc.driver.OracleStatement.doExecuteWithTimeout(OracleStatement.java:1205)
	at oracle.jdbc.driver.OraclePreparedStatement.executeInternal(OraclePreparedStatement.java:3666)
	at oracle.jdbc.driver.T4CPreparedStatement.executeInternal(T4CPreparedStatement.java:1426)
	at oracle.jdbc.driver.OraclePreparedStatement.execute(OraclePreparedStatement.java:3778)
	at oracle.jdbc.driver.OraclePreparedStatementWrapper.execute(OraclePreparedStatementWrapper.java:1081)
	at net.sf.log4jdbc.PreparedStatementSpy.execute(PreparedStatementSpy.java:418)
	at org.apache.ibatis.executor.statement.PreparedStatementHandler.update(PreparedStatementHandler.java:47)
	at org.apache.ibatis.executor.statement.RoutingStatementHandler.update(RoutingStatementHandler.java:74)
	at org.apache.ibatis.executor.SimpleExecutor.doUpdate(SimpleExecutor.java:50)
	at org.apache.ibatis.executor.BaseExecutor.update(BaseExecutor.java:117)
	at org.apache.ibatis.session.defaults.DefaultSqlSession.update(DefaultSqlSession.java:197)
	at org.apache.ibatis.session.defaults.DefaultSqlSession.insert(DefaultSqlSession.java:184)
	at sun.reflect.NativeMethodAccessorImpl.invoke0(Native Method)
	at sun.reflect.NativeMethodAccessorImpl.invoke(NativeMethodAccessorImpl.java:62)
	at sun.reflect.DelegatingMethodAccessorImpl.invoke(DelegatingMethodAccessorImpl.java:43)
	at java.lang.reflect.Method.invoke(Method.java:498)
	at org.mybatis.spring.SqlSessionTemplate$SqlSessionInterceptor.invoke(SqlSessionTemplate.java:426)
	at com.sun.proxy.$Proxy39.insert(Unknown Source)
	at org.mybatis.spring.SqlSessionTemplate.insert(SqlSessionTemplate.java:271)
	at org.apache.ibatis.binding.MapperMethod.execute(MapperMethod.java:62)
	at org.apache.ibatis.binding.MapperProxy$PlainMethodInvoker.invoke(MapperProxy.java:144)
	at org.apache.ibatis.binding.MapperProxy.invoke(MapperProxy.java:85)
	at com.sun.proxy.$Proxy45.insertInvoiceHeader(Unknown Source)
	at com.magicoh.springmvc.insertMapperTest.test(insertMapperTest.java:58)
	at sun.reflect.NativeMethodAccessorImpl.invoke0(Native Method)
	at sun.reflect.NativeMethodAccessorImpl.invoke(NativeMethodAccessorImpl.java:62)
	at sun.reflect.DelegatingMethodAccessorImpl.invoke(DelegatingMethodAccessorImpl.java:43)
	at java.lang.reflect.Method.invoke(Method.java:498)
	at org.junit.runners.model.FrameworkMethod$1.runReflectiveCall(FrameworkMethod.java:59)
	at org.junit.internal.runners.model.ReflectiveCallable.run(ReflectiveCallable.java:12)
	at org.junit.runners.model.FrameworkMethod.invokeExplosively(FrameworkMethod.java:56)
	at org.junit.internal.runners.statements.InvokeMethod.evaluate(InvokeMethod.java:17)
	at org.junit.internal.runners.statements.RunBefores.evaluate(RunBefores.java:26)
	at org.springframework.test.context.junit4.statements.RunBeforeTestMethodCallbacks.evaluate(RunBeforeTestMethodCallbacks.java:75)
	at org.springframework.test.context.junit4.statements.RunAfterTestMethodCallbacks.evaluate(RunAfterTestMethodCallbacks.java:86)
	at org.springframework.test.context.junit4.statements.SpringRepeat.evaluate(SpringRepeat.java:84)
	at org.junit.runners.ParentRunner.runLeaf(ParentRunner.java:366)
	at org.springframework.test.context.junit4.SpringJUnit4ClassRunner.runChild(SpringJUnit4ClassRunner.java:252)
	at org.springframework.test.context.junit4.SpringJUnit4ClassRunner.runChild(SpringJUnit4ClassRunner.java:94)
	at org.junit.runners.ParentRunner$4.run(ParentRunner.java:331)
	at org.junit.runners.ParentRunner$1.schedule(ParentRunner.java:79)
	at org.junit.runners.ParentRunner.runChildren(ParentRunner.java:329)
	at org.junit.runners.ParentRunner.access$100(ParentRunner.java:66)
	at org.junit.runners.ParentRunner$2.evaluate(ParentRunner.java:293)
	at org.springframework.test.context.junit4.statements.RunBeforeTestClassCallbacks.evaluate(RunBeforeTestClassCallbacks.java:61)
	at org.springframework.test.context.junit4.statements.RunAfterTestClassCallbacks.evaluate(RunAfterTestClassCallbacks.java:70)
	at org.junit.runners.ParentRunner$3.evaluate(ParentRunner.java:306)
	at org.junit.runners.ParentRunner.run(ParentRunner.java:413)
	at org.springframework.test.context.junit4.SpringJUnit4ClassRunner.run(SpringJUnit4ClassRunner.java:191)
	at org.apache.maven.surefire.junit4.JUnit4Provider.execute(JUnit4Provider.java:252)
	at org.apache.maven.surefire.junit4.JUnit4Provider.executeTestSet(JUnit4Provider.java:141)
	at org.apache.maven.surefire.junit4.JUnit4Provider.invoke(JUnit4Provider.java:112)
	at sun.reflect.NativeMethodAccessorImpl.invoke0(Native Method)
	at sun.reflect.NativeMethodAccessorImpl.invoke(NativeMethodAccessorImpl.java:62)
	at sun.reflect.DelegatingMethodAccessorImpl.invoke(DelegatingMethodAccessorImpl.java:43)
	at java.lang.reflect.Method.invoke(Method.java:498)
	at org.apache.maven.surefire.util.ReflectionUtils.invokeMethodWithArray(ReflectionUtils.java:189)
	at org.apache.maven.surefire.booter.ProviderFactory$ProviderProxy.invoke(ProviderFactory.java:165)
	at org.apache.maven.surefire.booter.ProviderFactory.invokeProvider(ProviderFactory.java:85)
	at org.apache.maven.surefire.booter.ForkedBooter.runSuitesInProcess(ForkedBooter.java:115)
	at org.apache.maven.surefire.booter.ForkedBooter.main(ForkedBooter.java:75)
Caused by: Error : 1, Position : 0, Sql = INSERT INTO INVOICEHEADER(
			INVOICE_ID,
			CLIENT_ID,
			INVOICE_DATE,
			SHIPPING_ADDRESS,
			TOTAL_AMT,
			DESCRIPTION,
			CREATED_DATE)
		VALUES(
			:1 , 
			:2 , 
			:3 , 
			:4 , 
			:5 , 
			:6 , 
			SYSDATE), OriginalSql = INSERT INTO INVOICEHEADER(
			INVOICE_ID,
			CLIENT_ID,
			INVOICE_DATE,
			SHIPPING_ADDRESS,
			TOTAL_AMT,
			DESCRIPTION,
			CREATED_DATE)
		VALUES(
			?, 
			?, 
			?, 
			?, 
			?, 
			?, 
			SYSDATE), Error Msg = ORA-00001: ���Ἲ ���� ����(UMS.PK_INVOICEHEADER)�� ����˴ϴ�

	at oracle.jdbc.driver.T4CTTIoer11.processError(T4CTTIoer11.java:513)
	... 69 more
ERROR: jdbc.sqlonly - 2. PreparedStatement.execute() INSERT INTO INVOICEHEADER(
			INVOICE_ID,
			CLIENT_ID,
			INVOICE_DATE,
			SHIPPING_ADDRESS,
			TOTAL_AMT,
			DESCRIPTION,
			CREATED_DATE)
		VALUES(
			102, 
			1, 
			to_date(&apos;12/10/2020 00:00:00&apos;, &apos;mm/dd/yyyy hh24:mi:ss&apos;), 
			&apos;shipping_address&apos;, 
			30000.0, 
			&apos;description&apos;, 
			SYSDATE)
java.sql.SQLIntegrityConstraintViolationException: ORA-00001: ���Ἲ ���� ����(UMS.PK_INVOICEHEADER)�� ����˴ϴ�

	at oracle.jdbc.driver.T4CTTIoer11.processError(T4CTTIoer11.java:509)
	at oracle.jdbc.driver.T4CTTIoer11.processError(T4CTTIoer11.java:461)
	at oracle.jdbc.driver.T4C8Oall.processError(T4C8Oall.java:1104)
	at oracle.jdbc.driver.T4CTTIfun.receive(T4CTTIfun.java:550)
	at oracle.jdbc.driver.T4CTTIfun.doRPC(T4CTTIfun.java:268)
	at oracle.jdbc.driver.T4C8Oall.doOALL(T4C8Oall.java:655)
	at oracle.jdbc.driver.T4CPreparedStatement.doOall8(T4CPreparedStatement.java:270)
	at oracle.jdbc.driver.T4CPreparedStatement.doOall8(T4CPreparedStatement.java:91)
	at oracle.jdbc.driver.T4CPreparedStatement.executeForRows(T4CPreparedStatement.java:970)
	at oracle.jdbc.driver.OracleStatement.doExecuteWithTimeout(OracleStatement.java:1205)
	at oracle.jdbc.driver.OraclePreparedStatement.executeInternal(OraclePreparedStatement.java:3666)
	at oracle.jdbc.driver.T4CPreparedStatement.executeInternal(T4CPreparedStatement.java:1426)
	at oracle.jdbc.driver.OraclePreparedStatement.execute(OraclePreparedStatement.java:3778)
	at oracle.jdbc.driver.OraclePreparedStatementWrapper.execute(OraclePreparedStatementWrapper.java:1081)
	at net.sf.log4jdbc.PreparedStatementSpy.execute(PreparedStatementSpy.java:418)
	at org.apache.ibatis.executor.statement.PreparedStatementHandler.update(PreparedStatementHandler.java:47)
	at org.apache.ibatis.executor.statement.RoutingStatementHandler.update(RoutingStatementHandler.java:74)
	at org.apache.ibatis.executor.SimpleExecutor.doUpdate(SimpleExecutor.java:50)
	at org.apache.ibatis.executor.BaseExecutor.update(BaseExecutor.java:117)
	at org.apache.ibatis.session.defaults.DefaultSqlSession.update(DefaultSqlSession.java:197)
	at org.apache.ibatis.session.defaults.DefaultSqlSession.insert(DefaultSqlSession.java:184)
	at sun.reflect.NativeMethodAccessorImpl.invoke0(Native Method)
	at sun.reflect.NativeMethodAccessorImpl.invoke(NativeMethodAccessorImpl.java:62)
	at sun.reflect.DelegatingMethodAccessorImpl.invoke(DelegatingMethodAccessorImpl.java:43)
	at java.lang.reflect.Method.invoke(Method.java:498)
	at org.mybatis.spring.SqlSessionTemplate$SqlSessionInterceptor.invoke(SqlSessionTemplate.java:426)
	at com.sun.proxy.$Proxy39.insert(Unknown Source)
	at org.mybatis.spring.SqlSessionTemplate.insert(SqlSessionTemplate.java:271)
	at org.apache.ibatis.binding.MapperMethod.execute(MapperMethod.java:62)
	at org.apache.ibatis.binding.MapperProxy$PlainMethodInvoker.invoke(MapperProxy.java:144)
	at org.apache.ibatis.binding.MapperProxy.invoke(MapperProxy.java:85)
	at com.sun.proxy.$Proxy45.insertInvoiceHeader(Unknown Source)
	at com.magicoh.springmvc.insertMapperTest.test(insertMapperTest.java:58)
	at sun.reflect.NativeMethodAccessorImpl.invoke0(Native Method)
	at sun.reflect.NativeMethodAccessorImpl.invoke(NativeMethodAccessorImpl.java:62)
	at sun.reflect.DelegatingMethodAccessorImpl.invoke(DelegatingMethodAccessorImpl.java:43)
	at java.lang.reflect.Method.invoke(Method.java:498)
	at org.junit.runners.model.FrameworkMethod$1.runReflectiveCall(FrameworkMethod.java:59)
	at org.junit.internal.runners.model.ReflectiveCallable.run(ReflectiveCallable.java:12)
	at org.junit.runners.model.FrameworkMethod.invokeExplosively(FrameworkMethod.java:56)
	at org.junit.internal.runners.statements.InvokeMethod.evaluate(InvokeMethod.java:17)
	at org.junit.internal.runners.statements.RunBefores.evaluate(RunBefores.java:26)
	at org.springframework.test.context.junit4.statements.RunBeforeTestMethodCallbacks.evaluate(RunBeforeTestMethodCallbacks.java:75)
	at org.springframework.test.context.junit4.statements.RunAfterTestMethodCallbacks.evaluate(RunAfterTestMethodCallbacks.java:86)
	at org.springframework.test.context.junit4.statements.SpringRepeat.evaluate(SpringRepeat.java:84)
	at org.junit.runners.ParentRunner.runLeaf(ParentRunner.java:366)
	at org.springframework.test.context.junit4.SpringJUnit4ClassRunner.runChild(SpringJUnit4ClassRunner.java:252)
	at org.springframework.test.context.junit4.SpringJUnit4ClassRunner.runChild(SpringJUnit4ClassRunner.java:94)
	at org.junit.runners.ParentRunner$4.run(ParentRunner.java:331)
	at org.junit.runners.ParentRunner$1.schedule(ParentRunner.java:79)
	at org.junit.runners.ParentRunner.runChildren(ParentRunner.java:329)
	at org.junit.runners.ParentRunner.access$100(ParentRunner.java:66)
	at org.junit.runners.ParentRunner$2.evaluate(ParentRunner.java:293)
	at org.springframework.test.context.junit4.statements.RunBeforeTestClassCallbacks.evaluate(RunBeforeTestClassCallbacks.java:61)
	at org.springframework.test.context.junit4.statements.RunAfterTestClassCallbacks.evaluate(RunAfterTestClassCallbacks.java:70)
	at org.junit.runners.ParentRunner$3.evaluate(ParentRunner.java:306)
	at org.junit.runners.ParentRunner.run(ParentRunner.java:413)
	at org.springframework.test.context.junit4.SpringJUnit4ClassRunner.run(SpringJUnit4ClassRunner.java:191)
	at org.apache.maven.surefire.junit4.JUnit4Provider.execute(JUnit4Provider.java:252)
	at org.apache.maven.surefire.junit4.JUnit4Provider.executeTestSet(JUnit4Provider.java:141)
	at org.apache.maven.surefire.junit4.JUnit4Provider.invoke(JUnit4Provider.java:112)
	at sun.reflect.NativeMethodAccessorImpl.invoke0(Native Method)
	at sun.reflect.NativeMethodAccessorImpl.invoke(NativeMethodAccessorImpl.java:62)
	at sun.reflect.DelegatingMethodAccessorImpl.invoke(DelegatingMethodAccessorImpl.java:43)
	at java.lang.reflect.Method.invoke(Method.java:498)
	at org.apache.maven.surefire.util.ReflectionUtils.invokeMethodWithArray(ReflectionUtils.java:189)
	at org.apache.maven.surefire.booter.ProviderFactory$ProviderProxy.invoke(ProviderFactory.java:165)
	at org.apache.maven.surefire.booter.ProviderFactory.invokeProvider(ProviderFactory.java:85)
	at org.apache.maven.surefire.booter.ForkedBooter.runSuitesInProcess(ForkedBooter.java:115)
	at org.apache.maven.surefire.booter.ForkedBooter.main(ForkedBooter.java:75)
Caused by: Error : 1, Position : 0, Sql = INSERT INTO INVOICEHEADER(
			INVOICE_ID,
			CLIENT_ID,
			INVOICE_DATE,
			SHIPPING_ADDRESS,
			TOTAL_AMT,
			DESCRIPTION,
			CREATED_DATE)
		VALUES(
			:1 , 
			:2 , 
			:3 , 
			:4 , 
			:5 , 
			:6 , 
			SYSDATE), OriginalSql = INSERT INTO INVOICEHEADER(
			INVOICE_ID,
			CLIENT_ID,
			INVOICE_DATE,
			SHIPPING_ADDRESS,
			TOTAL_AMT,
			DESCRIPTION,
			CREATED_DATE)
		VALUES(
			?, 
			?, 
			?, 
			?, 
			?, 
			?, 
			SYSDATE), Error Msg = ORA-00001: ���Ἲ ���� ����(UMS.PK_INVOICEHEADER)�� ����˴ϴ�

	at oracle.jdbc.driver.T4CTTIoer11.processError(T4CTTIoer11.java:513)
	... 69 more
ERROR: jdbc.sqltiming - 2. PreparedStatement.execute() FAILED! INSERT INTO INVOICEHEADER(
			INVOICE_ID,
			CLIENT_ID,
			INVOICE_DATE,
			SHIPPING_ADDRESS,
			TOTAL_AMT,
			DESCRIPTION,
			CREATED_DATE)
		VALUES(
			102, 
			1, 
			to_date(&apos;12/10/2020 00:00:00&apos;, &apos;mm/dd/yyyy hh24:mi:ss&apos;), 
			&apos;shipping_address&apos;, 
			30000.0, 
			&apos;description&apos;, 
			SYSDATE) {FAILED after 24 msec}
java.sql.SQLIntegrityConstraintViolationException: ORA-00001: ���Ἲ ���� ����(UMS.PK_INVOICEHEADER)�� ����˴ϴ�

	at oracle.jdbc.driver.T4CTTIoer11.processError(T4CTTIoer11.java:509)
	at oracle.jdbc.driver.T4CTTIoer11.processError(T4CTTIoer11.java:461)
	at oracle.jdbc.driver.T4C8Oall.processError(T4C8Oall.java:1104)
	at oracle.jdbc.driver.T4CTTIfun.receive(T4CTTIfun.java:550)
	at oracle.jdbc.driver.T4CTTIfun.doRPC(T4CTTIfun.java:268)
	at oracle.jdbc.driver.T4C8Oall.doOALL(T4C8Oall.java:655)
	at oracle.jdbc.driver.T4CPreparedStatement.doOall8(T4CPreparedStatement.java:270)
	at oracle.jdbc.driver.T4CPreparedStatement.doOall8(T4CPreparedStatement.java:91)
	at oracle.jdbc.driver.T4CPreparedStatement.executeForRows(T4CPreparedStatement.java:970)
	at oracle.jdbc.driver.OracleStatement.doExecuteWithTimeout(OracleStatement.java:1205)
	at oracle.jdbc.driver.OraclePreparedStatement.executeInternal(OraclePreparedStatement.java:3666)
	at oracle.jdbc.driver.T4CPreparedStatement.executeInternal(T4CPreparedStatement.java:1426)
	at oracle.jdbc.driver.OraclePreparedStatement.execute(OraclePreparedStatement.java:3778)
	at oracle.jdbc.driver.OraclePreparedStatementWrapper.execute(OraclePreparedStatementWrapper.java:1081)
	at net.sf.log4jdbc.PreparedStatementSpy.execute(PreparedStatementSpy.java:418)
	at org.apache.ibatis.executor.statement.PreparedStatementHandler.update(PreparedStatementHandler.java:47)
	at org.apache.ibatis.executor.statement.RoutingStatementHandler.update(RoutingStatementHandler.java:74)
	at org.apache.ibatis.executor.SimpleExecutor.doUpdate(SimpleExecutor.java:50)
	at org.apache.ibatis.executor.BaseExecutor.update(BaseExecutor.java:117)
	at org.apache.ibatis.session.defaults.DefaultSqlSession.update(DefaultSqlSession.java:197)
	at org.apache.ibatis.session.defaults.DefaultSqlSession.insert(DefaultSqlSession.java:184)
	at sun.reflect.NativeMethodAccessorImpl.invoke0(Native Method)
	at sun.reflect.NativeMethodAccessorImpl.invoke(NativeMethodAccessorImpl.java:62)
	at sun.reflect.DelegatingMethodAccessorImpl.invoke(DelegatingMethodAccessorImpl.java:43)
	at java.lang.reflect.Method.invoke(Method.java:498)
	at org.mybatis.spring.SqlSessionTemplate$SqlSessionInterceptor.invoke(SqlSessionTemplate.java:426)
	at com.sun.proxy.$Proxy39.insert(Unknown Source)
	at org.mybatis.spring.SqlSessionTemplate.insert(SqlSessionTemplate.java:271)
	at org.apache.ibatis.binding.MapperMethod.execute(MapperMethod.java:62)
	at org.apache.ibatis.binding.MapperProxy$PlainMethodInvoker.invoke(MapperProxy.java:144)
	at org.apache.ibatis.binding.MapperProxy.invoke(MapperProxy.java:85)
	at com.sun.proxy.$Proxy45.insertInvoiceHeader(Unknown Source)
	at com.magicoh.springmvc.insertMapperTest.test(insertMapperTest.java:58)
	at sun.reflect.NativeMethodAccessorImpl.invoke0(Native Method)
	at sun.reflect.NativeMethodAccessorImpl.invoke(NativeMethodAccessorImpl.java:62)
	at sun.reflect.DelegatingMethodAccessorImpl.invoke(DelegatingMethodAccessorImpl.java:43)
	at java.lang.reflect.Method.invoke(Method.java:498)
	at org.junit.runners.model.FrameworkMethod$1.runReflectiveCall(FrameworkMethod.java:59)
	at org.junit.internal.runners.model.ReflectiveCallable.run(ReflectiveCallable.java:12)
	at org.junit.runners.model.FrameworkMethod.invokeExplosively(FrameworkMethod.java:56)
	at org.junit.internal.runners.statements.InvokeMethod.evaluate(InvokeMethod.java:17)
	at org.junit.internal.runners.statements.RunBefores.evaluate(RunBefores.java:26)
	at org.springframework.test.context.junit4.statements.RunBeforeTestMethodCallbacks.evaluate(RunBeforeTestMethodCallbacks.java:75)
	at org.springframework.test.context.junit4.statements.RunAfterTestMethodCallbacks.evaluate(RunAfterTestMethodCallbacks.java:86)
	at org.springframework.test.context.junit4.statements.SpringRepeat.evaluate(SpringRepeat.java:84)
	at org.junit.runners.ParentRunner.runLeaf(ParentRunner.java:366)
	at org.springframework.test.context.junit4.SpringJUnit4ClassRunner.runChild(SpringJUnit4ClassRunner.java:252)
	at org.springframework.test.context.junit4.SpringJUnit4ClassRunner.runChild(SpringJUnit4ClassRunner.java:94)
	at org.junit.runners.ParentRunner$4.run(ParentRunner.java:331)
	at org.junit.runners.ParentRunner$1.schedule(ParentRunner.java:79)
	at org.junit.runners.ParentRunner.runChildren(ParentRunner.java:329)
	at org.junit.runners.ParentRunner.access$100(ParentRunner.java:66)
	at org.junit.runners.ParentRunner$2.evaluate(ParentRunner.java:293)
	at org.springframework.test.context.junit4.statements.RunBeforeTestClassCallbacks.evaluate(RunBeforeTestClassCallbacks.java:61)
	at org.springframework.test.context.junit4.statements.RunAfterTestClassCallbacks.evaluate(RunAfterTestClassCallbacks.java:70)
	at org.junit.runners.ParentRunner$3.evaluate(ParentRunner.java:306)
	at org.junit.runners.ParentRunner.run(ParentRunner.java:413)
	at org.springframework.test.context.junit4.SpringJUnit4ClassRunner.run(SpringJUnit4ClassRunner.java:191)
	at org.apache.maven.surefire.junit4.JUnit4Provider.execute(JUnit4Provider.java:252)
	at org.apache.maven.surefire.junit4.JUnit4Provider.executeTestSet(JUnit4Provider.java:141)
	at org.apache.maven.surefire.junit4.JUnit4Provider.invoke(JUnit4Provider.java:112)
	at sun.reflect.NativeMethodAccessorImpl.invoke0(Native Method)
	at sun.reflect.NativeMethodAccessorImpl.invoke(NativeMethodAccessorImpl.java:62)
	at sun.reflect.DelegatingMethodAccessorImpl.invoke(DelegatingMethodAccessorImpl.java:43)
	at java.lang.reflect.Method.invoke(Method.java:498)
	at org.apache.maven.surefire.util.ReflectionUtils.invokeMethodWithArray(ReflectionUtils.java:189)
	at org.apache.maven.surefire.booter.ProviderFactory$ProviderProxy.invoke(ProviderFactory.java:165)
	at org.apache.maven.surefire.booter.ProviderFactory.invokeProvider(ProviderFactory.java:85)
	at org.apache.maven.surefire.booter.ForkedBooter.runSuitesInProcess(ForkedBooter.java:115)
	at org.apache.maven.surefire.booter.ForkedBooter.main(ForkedBooter.java:75)
Caused by: Error : 1, Position : 0, Sql = INSERT INTO INVOICEHEADER(
			INVOICE_ID,
			CLIENT_ID,
			INVOICE_DATE,
			SHIPPING_ADDRESS,
			TOTAL_AMT,
			DESCRIPTION,
			CREATED_DATE)
		VALUES(
			:1 , 
			:2 , 
			:3 , 
			:4 , 
			:5 , 
			:6 , 
			SYSDATE), OriginalSql = INSERT INTO INVOICEHEADER(
			INVOICE_ID,
			CLIENT_ID,
			INVOICE_DATE,
			SHIPPING_ADDRESS,
			TOTAL_AMT,
			DESCRIPTION,
			CREATED_DATE)
		VALUES(
			?, 
			?, 
			?, 
			?, 
			?, 
			?, 
			SYSDATE), Error Msg = ORA-00001: ���Ἲ ���� ����(UMS.PK_INVOICEHEADER)�� ����˴ϴ�

	at oracle.jdbc.driver.T4CTTIoer11.processError(T4CTTIoer11.java:513)
	... 69 more
INFO : jdbc.audit - 2. PreparedStatement.close() returned 
INFO : jdbc.audit - 2. Connection.commit() returned 
INFO : jdbc.audit - 2. Connection.setAutoCommit(true) returned 
INFO : jdbc.audit - 2. Connection.isReadOnly() returned false
INFO : jdbc.connection - 2. Connection closed
INFO : jdbc.audit - 2. Connection.close() returned 
INFO : org.springframework.test.context.transaction.TransactionContext - Committed transaction for test: [DefaultTestContext@7569ea63 testClass = insertMapperTest, testInstance = com.magicoh.springmvc.insertMapperTest@ebd06a9, testMethod = test@insertMapperTest, testException = org.springframework.dao.DuplicateKeyException: 
### Error updating database.  Cause: java.sql.SQLIntegrityConstraintViolationException: ORA-00001: ���Ἲ ���� ����(UMS.PK_INVOICEHEADER)�� ����˴ϴ�

### The error may exist in file [D:\sts4Works\springsecurity\target\classes\mapper\oracle\productMapper.xml]
### The error may involve com.magicoh.springmvc.dao.IProductMapperDao.insertInvoiceHeader-Inline
### The error occurred while setting parameters
### SQL: INSERT INTO INVOICEHEADER(    INVOICE_ID,    CLIENT_ID,    INVOICE_DATE,    SHIPPING_ADDRESS,    TOTAL_AMT,    DESCRIPTION,    CREATED_DATE)   VALUES(    ?,     ?,     ?,     ?,     ?,     ?,     SYSDATE)
### Cause: java.sql.SQLIntegrityConstraintViolationException: ORA-00001: ���Ἲ ���� ����(UMS.PK_INVOICEHEADER)�� ����˴ϴ�

; SQL []; ORA-00001: ���Ἲ ���� ����(UMS.PK_INVOICEHEADER)�� ����˴ϴ�
; nested exception is java.sql.SQLIntegrityConstraintViolationException: ORA-00001: ���Ἲ ���� ����(UMS.PK_INVOICEHEADER)�� ����˴ϴ�
, mergedContextConfiguration = [WebMergedContextConfiguration@329a1f8d testClass = insertMapperTest, locations = &apos;{file:src/main/webapp/WEB-INF/spring/appServlet/servlet-context.xml, file:src/main/webapp/WEB-INF/spring/application-context.xml}&apos;, classes = &apos;{}&apos;, contextInitializerClasses = &apos;[]&apos;, activeProfiles = &apos;{}&apos;, propertySourceLocations = &apos;{}&apos;, propertySourceProperties = &apos;{}&apos;, contextCustomizers = set[[empty]], resourceBasePath = &apos;src/main/webapp&apos;, contextLoader = &apos;org.springframework.test.context.web.WebDelegatingSmartContextLoader&apos;, parent = [null]]]
</system-out>
  </testcase>
</testsuite>